Looking for git in: git
Using git 2.17.1 from git
> git rev-parse --show-toplevel
> git rev-parse --git-dir
> git config --get commit.template
Open repository: /home/rohinsha/fe_lane_application
> git status -z -u
> git symbolic-ref --short HEAD
> git rev-parse master
> git rev-parse --symbolic-full-name master@{u}
> git rev-list --left-right master...refs/remotes/origin/master
> git for-each-ref --format %(refname) %(objectname) --sort -committerdate
> git remote --verbose
> git show :src/app/app.routing.ts
> git check-ignore -v -z --stdin
> git status -z -u
> git symbolic-ref --short HEAD
> git rev-parse master
> git rev-parse --symbolic-full-name master@{u}
> git rev-list --left-right master...refs/remotes/origin/master
> git for-each-ref --format %(refname) %(objectname) --sort -committerdate
> git remote --verbose
> git status -z -u
> git symbolic-ref --short HEAD
> git rev-parse master
> git rev-parse --symbolic-full-name master@{u}
> git rev-list --left-right master...refs/remotes/origin/master
> git for-each-ref --format %(refname) %(objectname) --sort -committerdate
> git remote --verbose
> git show :src/app/toll-screen/toll-screen.component.ts
> git check-ignore -v -z --stdin
> git show :src/app/login/login.component.ts
> git check-ignore -v -z --stdin
> git status -z -u
> git symbolic-ref --short HEAD
> git rev-parse master
> git rev-parse --symbolic-full-name master@{u}
> git rev-list --left-right master...refs/remotes/origin/master
> git for-each-ref --format %(refname) %(objectname) --sort -committerdate
> git remote --verbose
> git status -z -u
> git symbolic-ref --short HEAD
> git rev-parse master
> git rev-parse --symbolic-full-name master@{u}
> git rev-list --left-right master...refs/remotes/origin/master
> git for-each-ref --format %(refname) %(objectname) --sort -committerdate
> git remote --verbose
> git status -z -u
> git symbolic-ref --short HEAD
> git rev-parse master
> git rev-parse --symbolic-full-name master@{u}
> git rev-list --left-right master...refs/remotes/origin/master
> git for-each-ref --format %(refname) %(objectname) --sort -committerdate
> git remote --verbose
> git status -z -u
> git symbolic-ref --short HEAD
> git rev-parse master
> git rev-parse --symbolic-full-name master@{u}
> git rev-list --left-right master...refs/remotes/origin/master
> git for-each-ref --format %(refname) %(objectname) --sort -committerdate
> git remote --verbose
> git status -z -u
> git symbolic-ref --short HEAD
> git rev-parse master
> git rev-parse --symbolic-full-name master@{u}
> git rev-list --left-right master...refs/remotes/origin/master
> git for-each-ref --format %(refname) %(objectname) --sort -committerdate
> git remote --verbose
> git show :src/app/app.component.ts
> git show :src/app/login/login.component.ts
> git show :src/app/app.component.ts
> git show :src/app/toll-screen/toll-screen.component.html
> git show :src/app/app.component.ts
> git show :src/app/login/login.component.ts
> git show :src/app/toll-screen/toll-screen.component.html
> git show :src/app/core/services/rest.service.ts
> git check-ignore -v -z --stdin
> git show :src/app/login/login.component.ts
> git show :src/app/app.component.ts
> git show :src/app/core/services/rest.service.ts
> git show :src/app/login/login.component.ts
> git show :src/app/core/services/rest.service.ts
> git show :src/app/app.component.ts
> git show :src/app/login/login.component.ts
> git show :src/app/app.component.ts
> git show :src/app/login/login.component.ts
> git show :src/app/app.component.ts
> git show :src/app/login/login.component.ts
> git show :src/app/app.component.ts
> git show :src/app/core/services/rest.service.ts
> git show :src/app/login/login.component.ts
> git show :src/app/toll-screen/toll-screen.component.ts
> git show :src/app/login/login.component.ts
> git show :src/app/app.component.ts
> git show :src/app/login/login.component.ts
> git show :src/app/app.component.ts
> git show :src/app/core/services/rest.service.ts
> git show :src/app/app.component.ts
> git show :src/app/core/services/rest.service.ts
> git show :src/app/login/login.component.ts
> git show :src/app/core/services/rest.service.ts
> git show :src/app/app.component.ts
> git show :src/app/login/login.component.ts
> git show :src/app/app.component.ts
> git show :src/app/login/login.component.ts
> git show :src/app/core/services/rest.service.ts
> git show :src/app/toll-screen/toll-screen.component.ts
> git show :src/app/app.component.ts
> git show :src/app/login/login.component.ts
> git show :src/app/toll-screen/toll-screen.component.ts
> git show :src/app/app.component.ts
> git show :src/app/login/login.component.ts
> git show :src/app/core/services/rest.service.ts
> git show :src/app/login/login.component.ts
> git show :src/app/core/services/rest.service.ts
> git show :src/app/app.component.ts
> git show :src/app/login/login.component.ts
> git show :src/app/core/services/rest.service.ts
> git show :src/app/login/login.component.ts
> git show :src/app/login/login.component.html
> git show :src/app/login/login.component.ts
> git show :src/app/login/login.component.html
> git show :src/app/login/login.component.ts
> git show :src/app/login/login.component.html
> git show :src/app/login/login.component.ts
> git show :src/app/toll-screen/toll-screen.component.html
> git show :src/app/app.component.ts
> git show :src/app/login/login.component.ts
> git show :src/app/app.component.ts
> git show :src/app/login/login.component.html
> git show :src/app/login/login.component.ts
> git show :src/app/login/login.component.html
> git show :src/app/login/login.component.ts
> git show :src/app/login/login.component.html
> git show :src/app/login/login.component.ts
> git show :src/app/login/login.component.html
> git show :src/app/login/login.component.ts
> git show :src/app/login/login.component.html
> git show :src/app/login/login.component.ts
> git show :src/app/login/login.component.html
> git show :src/app/login/login.component.ts
> git show :src/app/login/login.component.html
> git show :src/app/login/login.component.ts
> git show :src/app/login/login.component.html
> git show :src/app/login/login.component.ts
> git show :src/app/toll-screen/toll-screen.component.ts
> git show :src/app/login/login.component.ts
> git show :src/app/login/login.component.ts
> git status -z -u
> git symbolic-ref --short HEAD
> git rev-parse master
> git rev-parse --symbolic-full-name master@{u}
> git rev-list --left-right master...refs/remotes/origin/master
> git for-each-ref --format %(refname) %(objectname) --sort -committerdate
> git remote --verbose
> git status -z -u
> git symbolic-ref --short HEAD
> git rev-parse master
> git rev-parse --symbolic-full-name master@{u}
> git rev-list --left-right master...refs/remotes/origin/master
> git for-each-ref --format %(refname) %(objectname) --sort -committerdate
> git remote --verbose
> git show :src/app/toll-screen/toll-screen.component.ts
> git show :src/app/toll-screen/toll-screen.component.html
> git show :src/app/login/login.component.html
> git show :src/app/app.component.ts
> git show :src/app/toll-screen/toll-screen.component.ts
> git show :src/app/login/login.component.html
> git show :src/app/app.component.ts
> git show :src/app/toll-screen/toll-screen.component.html
> git show :src/app/toll-screen/toll-screen.component.ts
> git show :src/app/toll-screen/toll-screen.component.ts
> git status -z -u
> git symbolic-ref --short HEAD
> git rev-parse master
> git rev-parse --symbolic-full-name master@{u}
> git rev-list --left-right master...refs/remotes/origin/master
> git for-each-ref --format %(refname) %(objectname) --sort -committerdate
> git remote --verbose
> git show :src/app/app.module.ts
> git status -z -u
> git symbolic-ref --short HEAD
> git rev-parse master
> git rev-parse --symbolic-full-name master@{u}
> git rev-list --left-right master...refs/remotes/origin/master
> git for-each-ref --format %(refname) %(objectname) --sort -committerdate
> git remote --verbose
> git show :src/app/app.module.ts
> git status -z -u
> git symbolic-ref --short HEAD
> git rev-parse master
> git rev-parse --symbolic-full-name master@{u}
> git rev-list --left-right master...refs/remotes/origin/master
> git for-each-ref --format %(refname) %(objectname) --sort -committerdate
> git remote --verbose
> git status -z -u
> git symbolic-ref --short HEAD
> git rev-parse master
> git rev-parse --symbolic-full-name master@{u}
> git rev-list --left-right master...refs/remotes/origin/master
> git for-each-ref --format %(refname) %(objectname) --sort -committerdate
> git remote --verbose
> git show :src/app/toll-screen/toll-screen.component.ts
> git show :src/app/login/login.component.html
> git show :src/app/app.component.ts
> git show :src/app/core/services/rest.service.ts
