[2019-08-26 10:43:28.732] [renderer1] [error] Error: [File Watcher (chockidar)] Inotify limit reached (ENOSPC)
[2019-08-26 10:43:28.758] [renderer1] [error] [File Watcher (chockidar)] Inotify limit reached (ENOSPC)
[2019-08-26 12:39:10.357] [renderer1] [error] <main> TypeScript Server Error (3.5.2)
Debug Failure. False expression.
Error: Debug Failure. False expression.
    at doChange (tsserver.js:116683:22)
    at tsserver.js:116674:96
    at Function.ChangeTracker.with (tsserver.js:111855:17)
    at Object.getCodeActions (tsserver.js:116674:64)
    at tsserver.js:112841:121
    at Object.flatMap (tsserver.js:573:25)
    at Object.getFixes (tsserver.js:112841:23)
    at tsserver.js:122417:35
    at Object.flatMap (tsserver.js:573:25)
    at Object.getCodeFixesAtPosition (tsserver.js:122415:23)
    at IOSession.Session.getCodeFixes (tsserver.js:131471:64)
    at Session.handlers.ts.createMapFromTemplate._a.(anonymous function) (tsserver.js:130221:61)
    at tsserver.js:131665:88
    at IOSession.Session.executeWithRequestId (tsserver.js:131656:28)
    at IOSession.Session.executeCommand (tsserver.js:131665:33)
    at IOSession.Session.onMessage (tsserver.js:131687:35)
    at Interface.<anonymous> (tsserver.js:132978:27)
    at Interface.emit (events.js:182:13)
    at Interface._onLine (readline.js:290:10)
    at Interface._normalWrite (readline.js:433:12)
    at Socket.ondata (readline.js:149:10)
    at Socket.emit (events.js:182:13)
    at addChunk (_stream_readable.js:283:12)
    at readableAddChunk (_stream_readable.js:264:11)
    at Socket.Readable.push (_stream_readable.js:219:10)
    at Pipe.onStreamRead [as onread] (internal/stream_base_commons.js:94:17): Error: <main> TypeScript Server Error (3.5.2)
Debug Failure. False expression.
Error: Debug Failure. False expression.
    at doChange (tsserver.js:116683:22)
    at tsserver.js:116674:96
    at Function.ChangeTracker.with (tsserver.js:111855:17)
    at Object.getCodeActions (tsserver.js:116674:64)
    at tsserver.js:112841:121
    at Object.flatMap (tsserver.js:573:25)
    at Object.getFixes (tsserver.js:112841:23)
    at tsserver.js:122417:35
    at Object.flatMap (tsserver.js:573:25)
    at Object.getCodeFixesAtPosition (tsserver.js:122415:23)
    at IOSession.Session.getCodeFixes (tsserver.js:131471:64)
    at Session.handlers.ts.createMapFromTemplate._a.(anonymous function) (tsserver.js:130221:61)
    at tsserver.js:131665:88
    at IOSession.Session.executeWithRequestId (tsserver.js:131656:28)
    at IOSession.Session.executeCommand (tsserver.js:131665:33)
    at IOSession.Session.onMessage (tsserver.js:131687:35)
    at Interface.<anonymous> (tsserver.js:132978:27)
    at Interface.emit (events.js:182:13)
    at Interface._onLine (readline.js:290:10)
    at Interface._normalWrite (readline.js:433:12)
    at Socket.ondata (readline.js:149:10)
    at Socket.emit (events.js:182:13)
    at addChunk (_stream_readable.js:283:12)
    at readableAddChunk (_stream_readable.js:264:11)
    at Socket.Readable.push (_stream_readable.js:219:10)
    at Pipe.onStreamRead [as onread] (internal/stream_base_commons.js:94:17)
	at Function.create (/usr/share/code/resources/app/extensions/typescript-language-features/dist/extension.js:53:63436)
	at h.dispatchResponse (/usr/share/code/resources/app/extensions/typescript-language-features/dist/extension.js:53:56618)
	at h.dispatchMessage (/usr/share/code/resources/app/extensions/typescript-language-features/dist/extension.js:53:55516)
	at constructor._reader.onData.e (/usr/share/code/resources/app/extensions/typescript-language-features/dist/extension.js:53:54992)
	at u.fire (/usr/share/code/resources/app/out/vs/workbench/services/extensions/node/extensionHostProcess.js:48:468)
	at t.Reader.onLengthData (/usr/share/code/resources/app/extensions/typescript-language-features/dist/extension.js:53:61656)
	at Socket.t.Reader.constructor.e.on.e (/usr/share/code/resources/app/extensions/typescript-language-features/dist/extension.js:53:61304)
	at Socket.emit (events.js:182:13)
	at addChunk (_stream_readable.js:283:12)
	at readableAddChunk (_stream_readable.js:264:11)
	at Socket.Readable.push (_stream_readable.js:219:10)
	at Pipe.onStreamRead [as onread] (internal/stream_base_commons.js:94:17)
