[2019-08-22 10:52:18.078] [exthost] [info] extension host started
[2019-08-22 10:52:18.180] [exthost] [info] ExtensionService#_doActivateExtension vscode.css-language-features {"startup":false,"activationEvent":"onLanguage:scss"}
[2019-08-22 10:52:18.180] [exthost] [info] ExtensionService#loadCommonJSModule /usr/share/code/resources/app/extensions/css-language-features/client/dist/cssMain
[2019-08-22 10:52:18.269] [exthost] [info] ExtensionService#_doActivateExtension vscode.emmet {"startup":false,"activationEvent":"onLanguage:scss"}
[2019-08-22 10:52:18.269] [exthost] [info] ExtensionService#loadCommonJSModule /usr/share/code/resources/app/extensions/emmet/dist/extension
[2019-08-22 10:52:18.294] [exthost] [info] ExtensionService#_doActivateExtension vscode.html-language-features {"startup":false,"activationEvent":"onLanguage:html"}
[2019-08-22 10:52:18.294] [exthost] [info] ExtensionService#loadCommonJSModule /usr/share/code/resources/app/extensions/html-language-features/client/dist/htmlMain
[2019-08-22 10:52:18.388] [exthost] [info] ExtensionService#_doActivateExtension ecmel.vscode-html-css {"startup":false,"activationEvent":"onLanguage:html"}
[2019-08-22 10:52:18.388] [exthost] [info] ExtensionService#loadCommonJSModule /home/rohinsha/.vscode/extensions/ecmel.vscode-html-css-0.2.0/out/src/extension
[2019-08-22 10:52:18.721] [exthost] [info] ExtensionService#_doActivateExtension vscode.debug-auto-launch {"startup":true,"activationEvent":"*"}
[2019-08-22 10:52:18.721] [exthost] [info] ExtensionService#loadCommonJSModule /usr/share/code/resources/app/extensions/debug-auto-launch/dist/extension
[2019-08-22 10:52:18.725] [exthost] [info] ExtensionService#_doActivateExtension vscode.git {"startup":true,"activationEvent":"*"}
[2019-08-22 10:52:18.725] [exthost] [info] ExtensionService#loadCommonJSModule /usr/share/code/resources/app/extensions/git/dist/main
[2019-08-22 10:52:18.892] [exthost] [info] ExtensionService#_doActivateExtension vscode.merge-conflict {"startup":true,"activationEvent":"*"}
[2019-08-22 10:52:18.892] [exthost] [info] ExtensionService#loadCommonJSModule /usr/share/code/resources/app/extensions/merge-conflict/dist/extension
[2019-08-22 10:52:18.903] [exthost] [info] ExtensionService#_doActivateExtension boukichi.watch-run {"startup":true,"activationEvent":"*"}
[2019-08-22 10:52:18.903] [exthost] [info] ExtensionService#loadCommonJSModule /home/rohinsha/.vscode/extensions/boukichi.watch-run-0.3.1/out/extension
[2019-08-22 10:52:18.903] [exthost] [info] ExtensionService#_doActivateExtension michelemelluso.code-beautifier {"startup":true,"activationEvent":"*"}
[2019-08-22 10:52:18.903] [exthost] [info] ExtensionService#loadCommonJSModule /home/rohinsha/.vscode/extensions/michelemelluso.code-beautifier-2.3.3/out/src/extension
[2019-08-22 10:52:18.939] [exthost] [info] eager extensions activated
[2019-08-22 10:52:34.315] [exthost] [info] ExtensionService#_doActivateExtension vscode.extension-editing {"startup":false,"activationEvent":"onLanguage:typescript"}
[2019-08-22 10:52:34.315] [exthost] [info] ExtensionService#loadCommonJSModule /usr/share/code/resources/app/extensions/extension-editing/dist/extension
[2019-08-22 10:52:34.365] [exthost] [info] ExtensionService#_doActivateExtension vscode.typescript-language-features {"startup":false,"activationEvent":"onLanguage:typescript"}
[2019-08-22 10:52:34.365] [exthost] [info] ExtensionService#loadCommonJSModule /usr/share/code/resources/app/extensions/typescript-language-features/dist/extension
[2019-08-22 10:52:43.665] [exthost] [info] ExtensionService#_doActivateExtension vscode.configuration-editing {"startup":false,"activationEvent":"onLanguage:jsonc"}
[2019-08-22 10:52:43.665] [exthost] [info] ExtensionService#loadCommonJSModule /usr/share/code/resources/app/extensions/configuration-editing/dist/extension
[2019-08-22 10:52:43.674] [exthost] [info] ExtensionService#_doActivateExtension vscode.json-language-features {"startup":false,"activationEvent":"onLanguage:jsonc"}
[2019-08-22 10:52:43.675] [exthost] [info] ExtensionService#loadCommonJSModule /usr/share/code/resources/app/extensions/json-language-features/client/dist/jsonMain
