[2019-08-26 14:33:10.899] [exthost] [info] extension host started
[2019-08-26 14:33:11.020] [exthost] [info] ExtensionService#_doActivateExtension vscode.extension-editing {"startup":false,"activationEvent":"onLanguage:typescript"}
[2019-08-26 14:33:11.020] [exthost] [info] ExtensionService#loadCommonJSModule /usr/share/code/resources/app/extensions/extension-editing/dist/extension
[2019-08-26 14:33:11.249] [exthost] [info] ExtensionService#_doActivateExtension vscode.typescript-language-features {"startup":false,"activationEvent":"onLanguage:typescript"}
[2019-08-26 14:33:11.249] [exthost] [info] ExtensionService#loadCommonJSModule /usr/share/code/resources/app/extensions/typescript-language-features/dist/extension
[2019-08-26 14:33:11.702] [exthost] [info] ExtensionService#_doActivateExtension ecmel.vscode-html-css {"startup":false,"activationEvent":"onLanguage:typescript"}
[2019-08-26 14:33:11.708] [exthost] [info] ExtensionService#loadCommonJSModule /home/rohinsha/.vscode/extensions/ecmel.vscode-html-css-0.2.3/dist/extension
[2019-08-26 14:33:12.347] [exthost] [info] ExtensionService#_doActivateExtension vscode.debug-auto-launch {"startup":true,"activationEvent":"*"}
[2019-08-26 14:33:12.347] [exthost] [info] ExtensionService#loadCommonJSModule /usr/share/code/resources/app/extensions/debug-auto-launch/dist/extension
[2019-08-26 14:33:12.365] [exthost] [info] ExtensionService#_doActivateExtension vscode.emmet {"startup":true,"activationEvent":"*"}
[2019-08-26 14:33:12.365] [exthost] [info] ExtensionService#loadCommonJSModule /usr/share/code/resources/app/extensions/emmet/dist/extension
[2019-08-26 14:33:12.439] [exthost] [info] ExtensionService#_doActivateExtension vscode.git {"startup":true,"activationEvent":"*"}
[2019-08-26 14:33:12.439] [exthost] [info] ExtensionService#loadCommonJSModule /usr/share/code/resources/app/extensions/git/dist/main
[2019-08-26 14:33:12.623] [exthost] [info] ExtensionService#_doActivateExtension vscode.merge-conflict {"startup":true,"activationEvent":"*"}
[2019-08-26 14:33:12.623] [exthost] [info] ExtensionService#loadCommonJSModule /usr/share/code/resources/app/extensions/merge-conflict/dist/extension
[2019-08-26 14:33:12.645] [exthost] [info] ExtensionService#_doActivateExtension boukichi.watch-run {"startup":true,"activationEvent":"*"}
[2019-08-26 14:33:12.645] [exthost] [info] ExtensionService#loadCommonJSModule /home/rohinsha/.vscode/extensions/boukichi.watch-run-0.3.1/out/extension
[2019-08-26 14:33:12.649] [exthost] [info] ExtensionService#_doActivateExtension michelemelluso.code-beautifier {"startup":true,"activationEvent":"*"}
[2019-08-26 14:33:12.649] [exthost] [info] ExtensionService#loadCommonJSModule /home/rohinsha/.vscode/extensions/michelemelluso.code-beautifier-2.3.3/out/src/extension
[2019-08-26 14:33:12.767] [exthost] [info] eager extensions activated
[2019-08-26 14:33:33.829] [exthost] [info] ExtensionService#_doActivateExtension vscode.configuration-editing {"startup":false,"activationEvent":"onLanguage:jsonc"}
[2019-08-26 14:33:33.830] [exthost] [info] ExtensionService#loadCommonJSModule /usr/share/code/resources/app/extensions/configuration-editing/dist/extension
[2019-08-26 14:33:33.845] [exthost] [info] ExtensionService#_doActivateExtension vscode.json-language-features {"startup":false,"activationEvent":"onLanguage:jsonc"}
[2019-08-26 14:33:33.845] [exthost] [info] ExtensionService#loadCommonJSModule /usr/share/code/resources/app/extensions/json-language-features/client/dist/jsonMain
[2019-08-26 14:58:13.425] [exthost] [info] ExtensionService#_doActivateExtension vscode.html-language-features {"startup":false,"activationEvent":"onLanguage:html"}
[2019-08-26 14:58:13.425] [exthost] [info] ExtensionService#loadCommonJSModule /usr/share/code/resources/app/extensions/html-language-features/client/dist/htmlMain
[2019-08-26 14:59:09.794] [exthost] [info] ExtensionService#_doActivateExtension vscode.css-language-features {"startup":false,"activationEvent":"onLanguage:css"}
[2019-08-26 14:59:09.794] [exthost] [info] ExtensionService#loadCommonJSModule /usr/share/code/resources/app/extensions/css-language-features/client/dist/cssMain
[2019-08-26 18:11:54.297] [exthost] [info] ExtensionService#_doActivateExtension vscode.npm {"startup":false,"activationEvent":"onLanguage:json"}
[2019-08-26 18:11:54.297] [exthost] [info] ExtensionService#loadCommonJSModule /usr/share/code/resources/app/extensions/npm/dist/main
