Looking for git in: git
Using git 2.17.1 from git
> git rev-parse --show-toplevel
> git rev-parse --git-dir
> git config --get commit.template
Open repository: /home/rohinsha/fe_lane_application
> git status -z -u
> git symbolic-ref --short HEAD
> git rev-parse master
> git rev-parse --symbolic-full-name master@{u}
> git rev-list --left-right master...refs/remotes/origin/master
> git for-each-ref --format %(refname) %(objectname) --sort -committerdate
> git remote --verbose
> git show :src/app/toll-screen/toll-screen.component.scss
> git check-ignore -v -z --stdin
> git status -z -u
> git symbolic-ref --short HEAD
> git rev-parse master
> git rev-parse --symbolic-full-name master@{u}
> git rev-list --left-right master...refs/remotes/origin/master
> git for-each-ref --format %(refname) %(objectname) --sort -committerdate
> git remote --verbose
> git show :src/app/toll-screen/toll-screen.component.ts
> git check-ignore -v -z --stdin
> git status -z -u
> git symbolic-ref --short HEAD
> git rev-parse master
> git rev-parse --symbolic-full-name master@{u}
> git rev-list --left-right master...refs/remotes/origin/master
> git for-each-ref --format %(refname) %(objectname) --sort -committerdate
> git remote --verbose
> git status -z -u
> git symbolic-ref --short HEAD
> git rev-parse master
> git rev-parse --symbolic-full-name master@{u}
> git rev-list --left-right master...refs/remotes/origin/master
> git for-each-ref --format %(refname) %(objectname) --sort -committerdate
> git remote --verbose
> git status -z -u
> git symbolic-ref --short HEAD
> git rev-parse master
> git rev-parse --symbolic-full-name master@{u}
> git rev-list --left-right master...refs/remotes/origin/master
> git for-each-ref --format %(refname) %(objectname) --sort -committerdate
> git remote --verbose
> git status -z -u
> git symbolic-ref --short HEAD
> git rev-parse master
> git rev-parse --symbolic-full-name master@{u}
> git rev-list --left-right master...refs/remotes/origin/master
> git for-each-ref --format %(refname) %(objectname) --sort -committerdate
> git remote --verbose
> git status -z -u
> git symbolic-ref --short HEAD
> git rev-parse master
> git rev-parse --symbolic-full-name master@{u}
> git rev-list --left-right master...refs/remotes/origin/master
> git for-each-ref --format %(refname) %(objectname) --sort -committerdate
> git remote --verbose
> git status -z -u
> git symbolic-ref --short HEAD
> git rev-parse master
> git rev-parse --symbolic-full-name master@{u}
> git rev-list --left-right master...refs/remotes/origin/master
> git for-each-ref --format %(refname) %(objectname) --sort -committerdate
> git remote --verbose
> git status -z -u
> git symbolic-ref --short HEAD
> git rev-parse master
> git rev-parse --symbolic-full-name master@{u}
> git rev-list --left-right master...refs/remotes/origin/master
> git for-each-ref --format %(refname) %(objectname) --sort -committerdate
> git remote --verbose
> git status -z -u
> git symbolic-ref --short HEAD
> git rev-parse master
> git rev-parse --symbolic-full-name master@{u}
> git rev-list --left-right master...refs/remotes/origin/master
> git for-each-ref --format %(refname) %(objectname) --sort -committerdate
> git remote --verbose
> git status -z -u
> git symbolic-ref --short HEAD
> git rev-parse master
> git rev-parse --symbolic-full-name master@{u}
> git rev-list --left-right master...refs/remotes/origin/master
> git for-each-ref --format %(refname) %(objectname) --sort -committerdate
> git remote --verbose
> git status -z -u
> git symbolic-ref --short HEAD
> git rev-parse master
> git rev-parse --symbolic-full-name master@{u}
> git rev-list --left-right master...refs/remotes/origin/master
> git for-each-ref --format %(refname) %(objectname) --sort -committerdate
> git remote --verbose
> git status -z -u
> git symbolic-ref --short HEAD
> git rev-parse master
> git rev-parse --symbolic-full-name master@{u}
> git rev-list --left-right master...refs/remotes/origin/master
> git for-each-ref --format %(refname) %(objectname) --sort -committerdate
> git remote --verbose
> git status -z -u
> git symbolic-ref --short HEAD
> git rev-parse master
> git rev-parse --symbolic-full-name master@{u}
> git rev-list --left-right master...refs/remotes/origin/master
> git for-each-ref --format %(refname) %(objectname) --sort -committerdate
> git remote --verbose
> git status -z -u
> git symbolic-ref --short HEAD
> git rev-parse master
> git rev-parse --symbolic-full-name master@{u}
> git rev-list --left-right master...refs/remotes/origin/master
> git for-each-ref --format %(refname) %(objectname) --sort -committerdate
> git remote --verbose
> git status -z -u
> git symbolic-ref --short HEAD
> git rev-parse master
> git rev-parse --symbolic-full-name master@{u}
> git rev-list --left-right master...refs/remotes/origin/master
> git for-each-ref --format %(refname) %(objectname) --sort -committerdate
> git remote --verbose
> git show :src/app/toll-screen/toll-screen.component.ts
> git status -z -u
> git symbolic-ref --short HEAD
> git rev-parse master
> git rev-parse --symbolic-full-name master@{u}
> git rev-list --left-right master...refs/remotes/origin/master
> git for-each-ref --format %(refname) %(objectname) --sort -committerdate
> git remote --verbose
> git status -z -u
> git symbolic-ref --short HEAD
> git rev-parse master
> git rev-parse --symbolic-full-name master@{u}
> git rev-list --left-right master...refs/remotes/origin/master
> git for-each-ref --format %(refname) %(objectname) --sort -committerdate
> git remote --verbose
> git show :src/app/app.component.ts
> git check-ignore -v -z --stdin
> git show :src/app/toll-screen/toll-screen.component.ts
> git check-ignore -v -z --stdin
> git show :src/app/toll-screen/toll-screen.component.html
> git show :src/app/core/services/toll-screen.service.ts
> git check-ignore -v -z --stdin
> git show :src/app/toll-screen/toll-screen.component.ts
> git show :src/app/core/services/toll-screen.service.ts
> git show :src/app/toll-screen/toll-screen.component.ts
> git show :src/app/core/services/toll-screen.service.ts
> git show :src/app/toll-screen/toll-screen.component.ts
> git show :src/app/toll-screen/toll-screen.component.html
> git show :src/app/toll-screen/toll-screen.component.ts
> git show :src/app/core/services/toll-screen.service.ts
> git show :src/app/toll-screen/toll-screen.component.ts
> git show :src/app/toll-screen/toll-screen.component.html
> git show :src/app/core/services/toll-screen.service.ts
> git show :src/app/toll-screen/toll-screen.component.ts
> git show :src/app/toll-screen/toll-screen.component.scss
> git show :src/app/core/services/toll-screen.service.ts
> git show :src/app/core/services/rest.service.ts
> git check-ignore -v -z --stdin
> git show :src/app/toll-screen/toll-screen.component.ts
> git show :src/app/core/services/rest.service.ts
> git show :src/app/toll-screen/toll-screen.component.ts
> git show :src/app/core/services/rest.service.ts
> git check-ignore -v -z --stdin
> git check-ignore -v -z --stdin
> git check-ignore -v -z --stdin
> git check-ignore -v -z --stdin
> git check-ignore -v -z --stdin
> git check-ignore -v -z --stdin
> git check-ignore -v -z --stdin
> git check-ignore -v -z --stdin
> git check-ignore -v -z --stdin
> git check-ignore -v -z --stdin
> git check-ignore -v -z --stdin
> git check-ignore -v -z --stdin
> git check-ignore -v -z --stdin
> git check-ignore -v -z --stdin
> git check-ignore -v -z --stdin
> git check-ignore -v -z --stdin
> git show :node_modules/ngx-toastr/toastr/toastr.service.d.ts
> git ls-files --stage -- node_modules/ngx-toastr/toastr/
> git show :node_modules/ngx-toastr/toastr/toast.component.d.ts
> git ls-files --stage -- node_modules/ngx-toastr/toastr/
> git show :node_modules/ngx-toastr/toastr/toastr.module.d.ts
> git ls-files --stage -- node_modules/ngx-toastr/toastr/
> git show :node_modules/ngx-toastr/toastr/toastr.service.d.ts
> git ls-files --stage -- node_modules/ngx-toastr/toastr/
> git check-ignore -v -z --stdin
> git show :node_modules/ngx-toastr/toastr/toast.component.d.ts
> git ls-files --stage -- node_modules/ngx-toastr/toastr/
> git show :node_modules/ngx-toastr/toastr/toast-noanimation.component.d.ts
> git ls-files --stage -- node_modules/ngx-toastr/toastr/
> git show :node_modules/ngx-toastr/toastr/toast.component.d.ts
> git ls-files --stage -- node_modules/ngx-toastr/toastr/
> git show :node_modules/ngx-toastr/toastr/toast.directive.d.ts
> git ls-files --stage -- node_modules/ngx-toastr/toastr/
> git show :node_modules/ngx-toastr/toastr/toastr-config.d.ts
> git ls-files --stage -- node_modules/ngx-toastr/toastr/
> git show :node_modules/ngx-toastr/LICENSE
> git ls-files --stage -- node_modules/ngx-toastr/
> git show :node_modules/ngx-toastr/toastr/toastr.service.d.ts
> git ls-files --stage -- node_modules/ngx-toastr/toastr/
> git show :src/app/core/services/rest.service.ts
> git show :src/app/toll-screen/toll-screen.component.html
> git show :node_modules/ngx-toastr/toastr/toastr.service.d.ts
> git ls-files --stage -- node_modules/ngx-toastr/toastr/
> git check-ignore -v -z --stdin
> git show :src/app/toll-screen/toll-screen.component.html
> git show :node_modules/ngx-toastr/toastr/toastr.service.d.ts
> git ls-files --stage -- node_modules/ngx-toastr/toastr/
> git show :src/app/toll-screen/toll-screen.component.ts
> git check-ignore -v -z --stdin
> git show :src/app/core/services/rest.service.ts
> git show :node_modules/ngx-toastr/toastr/toastr.service.d.ts
> git ls-files --stage -- node_modules/ngx-toastr/toastr/
> git show :src/app/core/services/rest.service.ts
> git check-ignore -v -z --stdin
> git show :node_modules/ngx-toastr/toastr/toastr.service.d.ts
> git ls-files --stage -- node_modules/ngx-toastr/toastr/
> git check-ignore -v -z --stdin
> git check-ignore -v -z --stdin
> git check-ignore -v -z --stdin
> git check-ignore -v -z --stdin
> git check-ignore -v -z --stdin
> git check-ignore -v -z --stdin
> git show :node_modules/angular2-toaster/src/toaster.service.js
> git ls-files --stage -- node_modules/angular2-toaster/src/
> git check-ignore -v -z --stdin
> git show :node_modules/angular2-toaster/src/toaster.service.d.ts
> git ls-files --stage -- node_modules/angular2-toaster/src/
> git show :node_modules/angular2-toaster/src/toaster.service.metadata.json
> git ls-files --stage -- node_modules/angular2-toaster/src/
> git show :node_modules/angular2-toaster/src/toaster.service.js.map
> git ls-files --stage -- node_modules/angular2-toaster/src/
> git show :node_modules/angular2-toaster/src/toaster.service.js
> git ls-files --stage -- node_modules/angular2-toaster/src/
> git show :node_modules/angular2-toaster/src/toaster.service.d.ts
> git ls-files --stage -- node_modules/angular2-toaster/src/
> git show :node_modules/angular2-toaster/src/toaster.service.js
> git ls-files --stage -- node_modules/angular2-toaster/src/
> git show :node_modules/angular2-toaster/src/toaster.service.d.ts
> git ls-files --stage -- node_modules/angular2-toaster/src/
> git show :node_modules/angular2-toaster/src/toaster.service.js.map
> git ls-files --stage -- node_modules/angular2-toaster/src/
> git show :node_modules/angular2-toaster/src/toaster.service.metadata.json
> git ls-files --stage -- node_modules/angular2-toaster/src/
> git show :node_modules/angular2-toaster/src/toaster.service.d.ts
> git ls-files --stage -- node_modules/angular2-toaster/src/
> git show :node_modules/angular2-toaster/src/toaster.module.metadata.json
> git ls-files --stage -- node_modules/angular2-toaster/src/
> git show :node_modules/angular2-toaster/src/toaster.module.js
> git ls-files --stage -- node_modules/angular2-toaster/src/
> git show :node_modules/angular2-toaster/src/toaster.module.d.ts
> git ls-files --stage -- node_modules/angular2-toaster/src/
> git show :node_modules/angular2-toaster/src/toaster-container.component.metadata.json
> git ls-files --stage -- node_modules/angular2-toaster/src/
> git show :node_modules/angular2-toaster/src/toaster-container.component.js.map
> git ls-files --stage -- node_modules/angular2-toaster/src/
> git show :node_modules/angular2-toaster/angular2-toaster.js
> git ls-files --stage -- node_modules/angular2-toaster/
> git show :node_modules/angular2-toaster/angular2-toaster.d.ts
> git ls-files --stage -- node_modules/angular2-toaster/
> git show :src/app/core/services/rest.service.ts
> git show :node_modules/angular2-toaster/angular2-toaster.d.ts
> git ls-files --stage -- node_modules/angular2-toaster/
> git show :node_modules/angular2-toaster/src/toaster.service.js
> git ls-files --stage -- node_modules/angular2-toaster/src/
> git show :src/app/toll-screen/toll-screen.component.html
> git show :src/app/core/services/rest.service.ts
> git show :src/app/toll-screen/toll-screen.component.html
> git show :src/app/core/services/rest.service.ts
> git show :src/app/toll-screen/toll-screen.component.html
> git show :node_modules/angular2-toaster/src/toaster.service.js
> git ls-files --stage -- node_modules/angular2-toaster/src/
> git show :src/app/core/services/rest.service.ts
> git show :src/app/toll-screen/toll-screen.component.html
> git show :src/app/toll-screen/toll-screen.component.ts
> git show :src/app/app.component.ts
> git check-ignore -v -z --stdin
> git show :src/app/core/services/rest.service.ts
> git show :src/app/app.component.ts
> git show :src/app/toll-screen/toll-screen.component.ts
> git show :src/app/toll-screen/toll-screen.component.html
> git show :src/app/toll-screen/toll-screen.component.ts
> git show :src/app/toll-screen/toll-screen.component.html
> git show :src/app/app.component.ts
> git show :src/app/toll-screen/toll-screen.component.ts
> git show :src/app/toll-screen/toll-screen.component.html
> git show :src/app/toll-screen/toll-screen.component.html
> git status -z -u
> git symbolic-ref --short HEAD
> git rev-parse master
> git rev-parse --symbolic-full-name master@{u}
> git rev-list --left-right master...refs/remotes/origin/master
> git for-each-ref --format %(refname) %(objectname) --sort -committerdate
> git remote --verbose
> git status -z -u
> git symbolic-ref --short HEAD
> git rev-parse master
> git rev-parse --symbolic-full-name master@{u}
> git rev-list --left-right master...refs/remotes/origin/master
> git for-each-ref --format %(refname) %(objectname) --sort -committerdate
> git remote --verbose
> git show :src/app/toll-screen/toll-screen.component.ts
> git show :src/app/toll-screen/toll-screen.component.html
> git show :src/app/toll-screen/toll-screen.component.ts
> git show :src/app/toll-screen/toll-screen.component.html
> git show :src/app/toll-screen/toll-screen.component.ts
> git show :src/app/toll-screen/toll-screen.component.ts
> git show :src/app/toll-screen/toll-screen.component.ts
> git show :src/app/toll-screen/toll-screen.component.ts
> git show :src/app/toll-screen/toll-screen.component.html
> git show :src/app/toll-screen/toll-screen.component.ts
> git show :src/app/toll-screen/toll-screen.component.html
> git show :src/app/toll-screen/toll-screen.component.ts
> git show :src/app/toll-screen/toll-screen.component.html
> git show :src/app/toll-screen/toll-screen.component.ts
> git show :src/app/toll-screen/toll-screen.component.html
> git show :src/app/toll-screen/toll-screen.component.ts
> git show :src/app/toll-screen/toll-screen.component.html
> git show :src/app/toll-screen/toll-screen.component.ts
> git show :src/app/toll-screen/toll-screen.component.html
> git show :src/app/toll-screen/toll-screen.component.ts
> git show :src/app/app.routing.ts
> git show :src/app/toll-screen/toll-screen.component.ts
> git show :src/app/app.component.ts
> git show :src/app/toll-screen/toll-screen.component.ts
> git show :src/app/app.routing.ts
> git show :src/app/toll-screen/toll-screen.component.ts
> git show :src/app/home/home.routing.ts
> git check-ignore -v -z --stdin
> git show :src/app/app.routing.ts
> git show :src/app/toll-screen/toll-screen.component.ts
> git show :src/app/app.routing.ts
> git show :src/app/toll-screen/toll-screen.component.ts
> git show :src/app/app.component.ts
> git show :src/app/toll-screen/toll-screen.component.html
> git show :src/app/toll-screen/toll-screen.component.ts
> git show :src/app/toll-screen/toll-screen.component.ts
> git show :src/app/app.routing.ts
> git check-ignore -v -z --stdin
> git show :src/app/toll-screen/toll-screen.component.ts
> git show :src/app/toll-screen/toll-screen.component.ts
> git show :src/app/toll-screen/toll-screen.component.ts
> git show :src/app/toll-screen/toll-screen.component.ts
> git show :src/app/toll-screen/toll-screen.component.ts
> git show :src/app/toll-screen/toll-screen.component.html
> git show :src/app/toll-screen/toll-screen.component.ts
> git show :src/app/toll-screen/toll-screen.component.html
> git show :src/app/toll-screen/toll-screen.component.html
> git show :src/app/toll-screen/toll-screen.component.html
> git show :src/app/toll-screen/toll-screen.component.html
> git show :src/app/app.component.ts
> git show :src/app/toll-screen/toll-screen.component.html
> git check-ignore -v -z --stdin
> git show :src/app/toll-screen/toll-screen.component.ts
> git show :src/app/toll-screen/toll-screen.component.ts
> git status -z -u
> git symbolic-ref --short HEAD
> git rev-parse master
> git rev-parse --symbolic-full-name master@{u}
> git rev-list --left-right master...refs/remotes/origin/master
> git for-each-ref --format %(refname) %(objectname) --sort -committerdate
> git remote --verbose
> git status -z -u
> git symbolic-ref --short HEAD
> git rev-parse master
> git rev-parse --symbolic-full-name master@{u}
> git rev-list --left-right master...refs/remotes/origin/master
> git for-each-ref --format %(refname) %(objectname) --sort -committerdate
> git remote --verbose
> git show :src/app/toll-screen/toll-screen.component.ts
> git status -z -u
> git symbolic-ref --short HEAD
> git rev-parse master
> git rev-parse --symbolic-full-name master@{u}
> git rev-list --left-right master...refs/remotes/origin/master
> git for-each-ref --format %(refname) %(objectname) --sort -committerdate
> git remote --verbose
> git status -z -u
> git symbolic-ref --short HEAD
> git rev-parse master
> git rev-parse --symbolic-full-name master@{u}
> git rev-list --left-right master...refs/remotes/origin/master
> git for-each-ref --format %(refname) %(objectname) --sort -committerdate
> git remote --verbose
> git show :src/app/app.component.html
> git show :src/app/home/home.component.html
> git check-ignore -v -z --stdin
> git check-ignore -v -z --stdin
> git show :src/app/toll-screen/toll-screen.component.ts
> git check-ignore -v -z --stdin
> git show :src/app/toll-screen/toll-screen.component.ts
> git status -z -u
> git symbolic-ref --short HEAD
> git rev-parse master
> git rev-parse --symbolic-full-name master@{u}
> git rev-list --left-right master...refs/remotes/origin/master
> git for-each-ref --format %(refname) %(objectname) --sort -committerdate
> git remote --verbose
> git check-ignore -v -z --stdin
> git status -z -u
> git symbolic-ref --short HEAD
> git rev-parse master
> git rev-parse --symbolic-full-name master@{u}
> git rev-list --left-right master...refs/remotes/origin/master
> git for-each-ref --format %(refname) %(objectname) --sort -committerdate
> git remote --verbose
> git show :src/app/toll-screen/toll-screen.component.ts
> git status -z -u
> git symbolic-ref --short HEAD
> git rev-parse master
> git rev-parse --symbolic-full-name master@{u}
> git rev-list --left-right master...refs/remotes/origin/master
> git for-each-ref --format %(refname) %(objectname) --sort -committerdate
> git remote --verbose
Failed to watch ref '/home/rohinsha/fe_lane_application/.git/refs/remotes/origin/master'. Ref is most likely packed.
> git status -z -u
> git symbolic-ref --short HEAD
> git rev-parse master
> git rev-parse --symbolic-full-name master@{u}
> git rev-list --left-right master...refs/remotes/origin/master
> git for-each-ref --format %(refname) %(objectname) --sort -committerdate
> git remote --verbose
Failed to watch ref '/home/rohinsha/fe_lane_application/.git/refs/remotes/origin/master'. Ref is most likely packed.
> git show :src/app/toll-screen/toll-screen.component.ts
> git status -z -u
> git symbolic-ref --short HEAD
> git rev-parse master
> git rev-parse --symbolic-full-name master@{u}
> git rev-list --left-right master...refs/remotes/origin/master
> git for-each-ref --format %(refname) %(objectname) --sort -committerdate
> git remote --verbose
Failed to watch ref '/home/rohinsha/fe_lane_application/.git/refs/remotes/origin/master'. Ref is most likely packed.
> git status -z -u
> git symbolic-ref --short HEAD
> git rev-parse master
> git rev-parse --symbolic-full-name master@{u}
> git rev-list --left-right master...refs/remotes/origin/master
> git for-each-ref --format %(refname) %(objectname) --sort -committerdate
> git remote --verbose
Failed to watch ref '/home/rohinsha/fe_lane_application/.git/refs/remotes/origin/master'. Ref is most likely packed.
